<?xml version="1.0" encoding="utf-8"?><testsuites name="pytest tests"><testsuite name="pytest" errors="0" failures="0" skipped="0" tests="28" time="2.396" timestamp="2026-06-05T19:45:52.280422+00:00" hostname="agent-env-7572619e-ffaf-452b-84f8-1b0685efea93"><testcase classname="backend.tests.backend_test.TestHealth" name="test_root" time="0.221" /><testcase classname="backend.tests.backend_test.TestAdminVerify" name="test_wrong_passcode_401" time="0.049" /><testcase classname="backend.tests.backend_test.TestAdminVerify" name="test_correct_passcode_200" time="0.048" /><testcase classname="backend.tests.backend_test.TestProfileCreateValidation" name="test_create_without_header_401" time="0.051" /><testcase classname="backend.tests.backend_test.TestProfileCreateValidation" name="test_create_invalid_passcode_422" time="0.103" /><testcase classname="backend.tests.backend_test.TestProfileCreateValidation" name="test_create_invalid_color_422" time="0.045" /><testcase classname="backend.tests.backend_test.TestProfileCRUD" name="test_01_create_valid_profile" time="0.048" /><testcase classname="backend.tests.backend_test.TestProfileCRUD" name="test_02_public_list_excludes_passcode" time="0.053" /><testcase classname="backend.tests.backend_test.TestProfileCRUD" name="test_03_admin_list_includes_passcode" time="0.045" /><testcase classname="backend.tests.backend_test.TestProfileCRUD" name="test_04_admin_list_without_header_401" time="0.053" /><testcase classname="backend.tests.backend_test.TestProfileCRUD" name="test_05_verify_wrong_passcode_401" time="0.049" /><testcase classname="backend.tests.backend_test.TestProfileCRUD" name="test_06_verify_correct_passcode_returns_profile_no_passcode" time="0.051" /><testcase classname="backend.tests.backend_test.TestProfileCRUD" name="test_07_update_preserves_untouched" time="0.060" /><testcase classname="backend.tests.backend_test.TestProfileCRUD" name="test_08_delete_profile" time="0.101" /><testcase classname="backend.tests.backend_test.TestProfileCRUD" name="test_09_verify_deleted_profile_404" time="0.058" /><testcase classname="backend.tests.backend_test.TestMediaCRUD" name="test_01_list_empty_for_new_profile" time="0.199" /><testcase classname="backend.tests.backend_test.TestMediaCRUD" name="test_02_list_404_for_unknown_profile" time="0.049" /><testcase classname="backend.tests.backend_test.TestMediaCRUD" name="test_03_create_direct_media" time="0.093" /><testcase classname="backend.tests.backend_test.TestMediaCRUD" name="test_04_create_embed_media" time="0.048" /><testcase classname="backend.tests.backend_test.TestMediaCRUD" name="test_05_reject_non_http_url_422" time="0.050" /><testcase classname="backend.tests.backend_test.TestMediaCRUD" name="test_06_reject_bad_source_type_422" time="0.059" /><testcase classname="backend.tests.backend_test.TestMediaCRUD" name="test_07_reject_empty_title_422" time="0.046" /><testcase classname="backend.tests.backend_test.TestMediaCRUD" name="test_08_reject_empty_section_422" time="0.045" /><testcase classname="backend.tests.backend_test.TestMediaCRUD" name="test_09_create_on_unknown_profile_404" time="0.049" /><testcase classname="backend.tests.backend_test.TestMediaCRUD" name="test_10_partial_update_preserves_others" time="0.048" /><testcase classname="backend.tests.backend_test.TestMediaCRUD" name="test_11_update_unknown_media_404" time="0.050" /><testcase classname="backend.tests.backend_test.TestMediaCRUD" name="test_12_delete_media_then_404" time="0.204" /><testcase classname="backend.tests.backend_test.TestCascadeDelete" name="test_delete_profile_removes_media_and_returns_404" time="0.342" /></testsuite></testsuites>