<?xml version="1.0" encoding="utf-8"?><testsuites name="pytest tests"><testsuite name="pytest" errors="0" failures="0" skipped="0" tests="55" time="6.811" timestamp="2026-06-05T20:23:22.428367+00:00" hostname="agent-env-7572619e-ffaf-452b-84f8-1b0685efea93"><testcase classname="backend.tests.backend_test.TestHealth" name="test_root" time="0.332" /><testcase classname="backend.tests.backend_test.TestAdminVerify" name="test_wrong_passcode_401" time="0.048" /><testcase classname="backend.tests.backend_test.TestAdminVerify" name="test_correct_passcode_200" time="0.045" /><testcase classname="backend.tests.backend_test.TestProfileCreateValidation" name="test_create_without_header_401" time="0.050" /><testcase classname="backend.tests.backend_test.TestProfileCreateValidation" name="test_create_invalid_passcode_422" time="0.050" /><testcase classname="backend.tests.backend_test.TestProfileCreateValidation" name="test_create_invalid_color_422" time="0.050" /><testcase classname="backend.tests.backend_test.TestProfileCRUD" name="test_01_create_valid_profile" time="0.050" /><testcase classname="backend.tests.backend_test.TestProfileCRUD" name="test_02_public_list_excludes_passcode" time="0.047" /><testcase classname="backend.tests.backend_test.TestProfileCRUD" name="test_03_admin_list_includes_passcode" time="0.052" /><testcase classname="backend.tests.backend_test.TestProfileCRUD" name="test_04_admin_list_without_header_401" time="0.050" /><testcase classname="backend.tests.backend_test.TestProfileCRUD" name="test_05_verify_wrong_passcode_401" time="0.049" /><testcase classname="backend.tests.backend_test.TestProfileCRUD" name="test_06_verify_correct_passcode_returns_profile_no_passcode" time="0.050" /><testcase classname="backend.tests.backend_test.TestProfileCRUD" name="test_07_update_preserves_untouched" time="0.050" /><testcase classname="backend.tests.backend_test.TestProfileCRUD" name="test_08_delete_profile" time="0.098" /><testcase classname="backend.tests.backend_test.TestProfileCRUD" name="test_09_verify_deleted_profile_404" time="0.048" /><testcase classname="backend.tests.backend_test.TestMediaCRUD" name="test_01_list_empty_for_new_profile" time="0.191" /><testcase classname="backend.tests.backend_test.TestMediaCRUD" name="test_02_list_404_for_unknown_profile" time="0.047" /><testcase classname="backend.tests.backend_test.TestMediaCRUD" name="test_03_create_direct_media" time="0.111" /><testcase classname="backend.tests.backend_test.TestMediaCRUD" name="test_04_create_embed_media" time="0.049" /><testcase classname="backend.tests.backend_test.TestMediaCRUD" name="test_05_reject_non_http_url_422" time="0.046" /><testcase classname="backend.tests.backend_test.TestMediaCRUD" name="test_06_reject_bad_source_type_422" time="0.047" /><testcase classname="backend.tests.backend_test.TestMediaCRUD" name="test_07_reject_empty_title_422" time="0.051" /><testcase classname="backend.tests.backend_test.TestMediaCRUD" name="test_08_reject_empty_section_422" time="0.046" /><testcase classname="backend.tests.backend_test.TestMediaCRUD" name="test_09_create_on_unknown_profile_404" time="0.054" /><testcase classname="backend.tests.backend_test.TestMediaCRUD" name="test_10_partial_update_preserves_others" time="0.049" /><testcase classname="backend.tests.backend_test.TestMediaCRUD" name="test_11_update_unknown_media_404" time="0.047" /><testcase classname="backend.tests.backend_test.TestMediaCRUD" name="test_12_delete_media_then_404" time="0.204" /><testcase classname="backend.tests.backend_test.TestThemeField" name="test_create_without_theme_defaults_to_default" time="0.209" /><testcase classname="backend.tests.backend_test.TestThemeField" name="test_create_with_theme_western" time="0.144" /><testcase classname="backend.tests.backend_test.TestThemeField" name="test_update_theme" time="0.195" /><testcase classname="backend.tests.backend_test.TestSeedIdempotent" name="test_westwood_ranch_exists_with_expected_shape" time="0.055" /><testcase classname="backend.tests.backend_test.TestSeedIdempotent" name="test_westwood_ranch_has_9_media_items" time="0.115" /><testcase classname="backend.tests.backend_test.TestSeedIdempotent" name="test_reseed_does_not_create_duplicates" time="0.370" /><testcase classname="backend.tests.backend_test.TestPosterUrl" name="test_create_without_poster_returns_null" time="0.227" /><testcase classname="backend.tests.backend_test.TestPosterUrl" name="test_create_with_valid_poster" time="0.049" /><testcase classname="backend.tests.backend_test.TestPosterUrl" name="test_create_with_empty_poster_treated_as_null" time="0.051" /><testcase classname="backend.tests.backend_test.TestPosterUrl" name="test_create_with_invalid_poster_422" time="0.047" /><testcase classname="backend.tests.backend_test.TestPosterUrl" name="test_update_poster_clear_via_empty_string" time="0.096" /><testcase classname="backend.tests.backend_test.TestPosterUrl" name="test_update_poster_invalid_422" time="0.052" /><testcase classname="backend.tests.backend_test.TestPosterUrl" name="test_update_poster_set_new_value" time="0.111" /><testcase classname="backend.tests.backend_test.TestWestwoodRanchPosters" name="test_all_9_items_have_posters" time="0.119" /><testcase classname="backend.tests.backend_test.TestWestwoodRanchPosters" name="test_backfill_is_idempotent" time="0.100" /><testcase classname="backend.tests.backend_test.TestCascadeDelete" name="test_delete_profile_removes_media_and_returns_404" time="0.325" /><testcase classname="backend.tests.backend_test.TestMediaOrderAndReorder" name="test_order_default_appends" time="0.307" /><testcase classname="backend.tests.backend_test.TestMediaOrderAndReorder" name="test_order_explicit_accepted" time="0.159" /><testcase classname="backend.tests.backend_test.TestMediaOrderAndReorder" name="test_list_sorted_by_section_then_order" time="0.301" /><testcase classname="backend.tests.backend_test.TestMediaOrderAndReorder" name="test_reorder_basic" time="0.370" /><testcase classname="backend.tests.backend_test.TestMediaOrderAndReorder" name="test_reorder_skips_unknown_ids" time="0.274" /><testcase classname="backend.tests.backend_test.TestMediaOrderAndReorder" name="test_reorder_skips_wrong_section" time="0.261" /><testcase classname="backend.tests.backend_test.TestMediaOrderAndReorder" name="test_reorder_empty_list_422" time="0.140" /><testcase classname="backend.tests.backend_test.TestMediaOrderAndReorder" name="test_reorder_unknown_profile_404" time="0.051" /><testcase classname="backend.tests.backend_test.TestWestwoodOrderBackfill" name="test_orders_sequential_per_section" time="0.095" /><testcase classname="backend.tests.backend_test.TestNewThemes" name="test_theme_neon" time="0.135" /><testcase classname="backend.tests.backend_test.TestNewThemes" name="test_theme_studio" time="0.141" /><testcase classname="backend.tests.backend_test.TestNewThemes" name="test_theme_arbitrary_string_accepted" time="0.138" /></testsuite></testsuites>